<?xml version="1.0" encoding="UTF-8"?>
<!-- Generated by org.testng.reporters.JUnitXMLReporter -->
<testsuite hostname="DESKTOP-95LDBE3" failures="0" tests="6" name="Surefire test" time="0.092" errors="0" timestamp="17 May 2020 19:11:55 GMT">
  <testcase classname="pack.SimpleTests" name="FirstModule" time="0.019"/>
  <testcase classname="pack.SimpleTests" name="SecondModule1" time="0.003"/>
  <testcase classname="pack.SimpleTests" name="SecondModule2" time="0.016"/>
  <testcase classname="pack.SimpleTests" name="SecondModule3" time="0.004"/>
  <testcase classname="pack.SimpleTests" name="ThirdModule1" time="0.003"/>
  <testcase classname="pack.SimpleTests" name="ThirdModule2" time="0.006"/>
</testsuite> <!-- Surefire test -->
