<?xml version="1.0" encoding="UTF-8"?>
<testng-results total="3" passed="3" failed="0" skipped="0">
  <reporter-output>
  </reporter-output>
  <suite started-at="2020-05-12T12:06:54Z" name="Surefire suite" finished-at="2020-05-12T12:06:54Z" duration-ms="46">
    <groups>
    </groups>
    <test started-at="2020-05-12T12:06:54Z" name="Surefire test" finished-at="2020-05-12T12:06:54Z" duration-ms="46">
      <class name="pack.SimpleTests">
        <test-method signature="FirstTest()[pri:0, instance:pack.SimpleTests@52f759d7]" started-at="2020-05-12T16:06:54Z" name="FirstTest" finished-at="2020-05-12T16:06:54Z" duration-ms="11" status="PASS">
          <reporter-output>
          </reporter-output>
        </test-method> <!-- FirstTest -->
        <test-method signature="SecondTest()[pri:0, instance:pack.SimpleTests@52f759d7]" started-at="2020-05-12T16:06:54Z" name="SecondTest" finished-at="2020-05-12T16:06:54Z" duration-ms="1" status="PASS">
          <reporter-output>
          </reporter-output>
        </test-method> <!-- SecondTest -->
        <test-method signature="ThirdTest()[pri:0, instance:pack.SimpleTests@52f759d7]" started-at="2020-05-12T16:06:54Z" name="ThirdTest" finished-at="2020-05-12T16:06:54Z" duration-ms="2" status="PASS">
          <reporter-output>
          </reporter-output>
        </test-method> <!-- ThirdTest -->
      </class> <!-- pack.SimpleTests -->
    </test> <!-- Surefire test -->
  </suite> <!-- Surefire suite -->
</testng-results>
