<?xml version="1.0" encoding="UTF-8"?>
<testng-results total="6" passed="6" failed="0" skipped="0">
  <reporter-output>
  </reporter-output>
  <suite started-at="2020-05-17T19:11:55Z" name="Surefire suite" finished-at="2020-05-17T19:11:55Z" duration-ms="92">
    <groups>
    </groups>
    <test started-at="2020-05-17T19:11:55Z" name="Surefire test" finished-at="2020-05-17T19:11:55Z" duration-ms="92">
      <class name="pack.SimpleTests">
        <test-method signature="FirstModule(int)[pri:0, instance:pack.SimpleTests@74a10858]" started-at="2020-05-17T23:11:55Z" name="FirstModule" data-provider="FirstModuleData" finished-at="2020-05-17T23:11:55Z" duration-ms="19" status="PASS">
          <params>
            <param index="0">
              <value>
                <![CDATA[829390467]]>
              </value>
            </param>
          </params>
          <reporter-output>
          </reporter-output>
        </test-method> <!-- FirstModule -->
        <test-method signature="SecondModule1(int, int)[pri:0, instance:pack.SimpleTests@74a10858]" started-at="2020-05-17T23:11:55Z" name="SecondModule1" data-provider="SecondModule1Data" finished-at="2020-05-17T23:11:55Z" duration-ms="3" status="PASS">
          <params>
            <param index="0">
              <value>
                <![CDATA[2131168619]]>
              </value>
            </param>
            <param index="1">
              <value>
                <![CDATA[-460128649]]>
              </value>
            </param>
          </params>
          <reporter-output>
          </reporter-output>
        </test-method> <!-- SecondModule1 -->
        <test-method signature="SecondModule2(int)[pri:0, instance:pack.SimpleTests@74a10858]" started-at="2020-05-17T23:11:55Z" name="SecondModule2" data-provider="SecondModule2Data" finished-at="2020-05-17T23:11:55Z" duration-ms="16" status="PASS">
          <params>
            <param index="0">
              <value>
                <![CDATA[652332675]]>
              </value>
            </param>
          </params>
          <reporter-output>
          </reporter-output>
        </test-method> <!-- SecondModule2 -->
        <test-method signature="SecondModule3(int)[pri:0, instance:pack.SimpleTests@74a10858]" started-at="2020-05-17T23:11:55Z" name="SecondModule3" data-provider="SecondModule3Data" finished-at="2020-05-17T23:11:55Z" duration-ms="4" status="PASS">
          <params>
            <param index="0">
              <value>
                <![CDATA[-118540769]]>
              </value>
            </param>
          </params>
          <reporter-output>
          </reporter-output>
        </test-method> <!-- SecondModule3 -->
        <test-method signature="ThirdModule1(int, int, int)[pri:0, instance:pack.SimpleTests@74a10858]" started-at="2020-05-17T23:11:55Z" name="ThirdModule1" data-provider="ThirdModule1Data" finished-at="2020-05-17T23:11:55Z" duration-ms="3" status="PASS">
          <params>
            <param index="0">
              <value>
                <![CDATA[904422421]]>
              </value>
            </param>
            <param index="1">
              <value>
                <![CDATA[1766317073]]>
              </value>
            </param>
            <param index="2">
              <value>
                <![CDATA[0]]>
              </value>
            </param>
          </params>
          <reporter-output>
          </reporter-output>
        </test-method> <!-- ThirdModule1 -->
        <test-method signature="ThirdModule2(int)[pri:0, instance:pack.SimpleTests@74a10858]" started-at="2020-05-17T23:11:55Z" name="ThirdModule2" data-provider="FirstModuleData" finished-at="2020-05-17T23:11:55Z" duration-ms="6" status="PASS">
          <params>
            <param index="0">
              <value>
                <![CDATA[1378638772]]>
              </value>
            </param>
          </params>
          <reporter-output>
          </reporter-output>
        </test-method> <!-- ThirdModule2 -->
      </class> <!-- pack.SimpleTests -->
    </test> <!-- Surefire test -->
  </suite> <!-- Surefire suite -->
</testng-results>
